{"numFailedTestSuites":2,"numFailedTests":4,"numPassedTestSuites":3,"numPassedTests":36,"numPendingTestSuites":0,"numPendingTests":0,"numRuntimeErrorTestSuites":0,"numTodoTests":0,"numTotalTestSuites":5,"numTotalTests":40,"openHandles":[],"snapshot":{"added":0,"didUpdate":false,"failure":false,"filesAdded":0,"filesRemoved":0,"filesRemovedList":[],"filesUnmatched":0,"filesUpdated":0,"matched":0,"total":0,"unchecked":0,"uncheckedKeysByFile":[],"unmatched":0,"updated":0},"startTime":1756172590958,"success":false,"testResults":[{"assertionResults":[{"ancestorTitles":["Escenarios de Almacenamiento Offline - Gastos","CP001 – CreateOfflineGasto"],"duration":3,"failureDetails":[],"failureMessages":[],"fullName":"Escenarios de Almacenamiento Offline - Gastos CP001 – CreateOfflineGasto debe crear un gasto offline correctamente","invocations":1,"location":null,"numPassingAsserts":4,"retryReasons":[],"status":"passed","title":"debe crear un gasto offline correctamente"},{"ancestorTitles":["Escenarios de Almacenamiento Offline - Gastos","CP001 – CreateOfflineGasto"],"duration":12,"failureDetails":[],"failureMessages":[],"fullName":"Escenarios de Almacenamiento Offline - Gastos CP001 – CreateOfflineGasto debe validar campos obligatorios","invocations":1,"location":null,"numPassingAsserts":1,"retryReasons":[],"status":"passed","title":"debe validar campos obligatorios"},{"ancestorTitles":["Escenarios de Almacenamiento Offline - Gastos","CP001 – CreateOfflineGasto"],"duration":1,"failureDetails":[],"failureMessages":[],"fullName":"Escenarios de Almacenamiento Offline - Gastos CP001 – CreateOfflineGasto debe marcar el registro como pendiente de sincronización","invocations":1,"location":null,"numPassingAsserts":1,"retryReasons":[],"status":"passed","title":"debe marcar el registro como pendiente de sincronización"},{"ancestorTitles":["Escenarios de Almacenamiento Offline - Gastos","CP001 – CreateOfflineGasto"],"duration":2,"failureDetails":[],"failureMessages":[],"fullName":"Escenarios de Almacenamiento Offline - Gastos CP001 – CreateOfflineGasto debe manejar errores de validación correctamente","invocations":1,"location":null,"numPassingAsserts":1,"retryReasons":[],"status":"passed","title":"debe manejar errores de validación correctamente"},{"ancestorTitles":["Escenarios de Almacenamiento Offline - Gastos","CP002 – SaveOfflineGastos"],"duration":2,"failureDetails":[],"failureMessages":[],"fullName":"Escenarios de Almacenamiento Offline - Gastos CP002 – SaveOfflineGastos debe persistir gastos en localStorage","invocations":1,"location":null,"numPassingAsserts":2,"retryReasons":[],"status":"passed","title":"debe persistir gastos en localStorage"},{"ancestorTitles":["Escenarios de Almacenamiento Offline - Gastos","CP002 – SaveOfflineGastos"],"duration":2,"failureDetails":[],"failureMessages":[],"fullName":"Escenarios de Almacenamiento Offline - Gastos CP002 – SaveOfflineGastos debe mantener datos después de reinicio simulado","invocations":1,"location":null,"numPassingAsserts":2,"retryReasons":[],"status":"passed","title":"debe mantener datos después de reinicio simulado"},{"ancestorTitles":["Escenarios de Almacenamiento Offline - Gastos","CP002 – SaveOfflineGastos"],"duration":0,"failureDetails":[],"failureMessages":[],"fullName":"Escenarios de Almacenamiento Offline - Gastos CP002 – SaveOfflineGastos debe guardar múltiples gastos correctamente","invocations":1,"location":null,"numPassingAsserts":1,"retryReasons":[],"status":"passed","title":"debe guardar múltiples gastos correctamente"},{"ancestorTitles":["Escenarios de Almacenamiento Offline - Gastos","CP002 – SaveOfflineGastos"],"duration":2,"failureDetails":[],"failureMessages":[],"fullName":"Escenarios de Almacenamiento Offline - Gastos CP002 – SaveOfflineGastos debe manejar error de almacenamiento lleno","invocations":1,"location":null,"numPassingAsserts":1,"retryReasons":[],"status":"passed","title":"debe manejar error de almacenamiento lleno"},{"ancestorTitles":["Escenarios de Almacenamiento Offline - Gastos","CP003 – GetOfflineGastos"],"duration":1,"failureDetails":[],"failureMessages":[],"fullName":"Escenarios de Almacenamiento Offline - Gastos CP003 – GetOfflineGastos debe devolver listado completo de gastos offline","invocations":1,"location":null,"numPassingAsserts":3,"retryReasons":[],"status":"passed","title":"debe devolver listado completo de gastos offline"},{"ancestorTitles":["Escenarios de Almacenamiento Offline - Gastos","CP003 – GetOfflineGastos"],"duration":1,"failureDetails":[],"failureMessages":[],"fullName":"Escenarios de Almacenamiento Offline - Gastos CP003 – GetOfflineGastos debe mostrar mensaje cuando no hay gastos offline","invocations":1,"location":null,"numPassingAsserts":3,"retryReasons":[],"status":"passed","title":"debe mostrar mensaje cuando no hay gastos offline"},{"ancestorTitles":["Escenarios de Almacenamiento Offline - Gastos","CP003 – GetOfflineGastos"],"duration":14,"failureDetails":[],"failureMessages":[],"fullName":"Escenarios de Almacenamiento Offline - Gastos CP003 – GetOfflineGastos debe manejar datos corruptos en localStorage","invocations":1,"location":null,"numPassingAsserts":2,"retryReasons":[],"status":"passed","title":"debe manejar datos corruptos en localStorage"},{"ancestorTitles":["Escenarios de Almacenamiento Offline - Gastos","CP003 – GetOfflineGastos"],"duration":5,"failureDetails":[{"matcherResult":{"message":"\u001b[2mexpect(\u001b[22m\u001b[31mreceived\u001b[39m\u001b[2m).\u001b[22mtoHaveLength\u001b[2m(\u001b[22m\u001b[32mexpected\u001b[39m\u001b[2m)\u001b[22m\n\nExpected length: \u001b[32m25\u001b[39m\nReceived length: \u001b[31m50\u001b[39m\nReceived array:  \u001b[31m[{\"categoria_id\": 1, \"descripcion\": \"Gasto 0\", \"fecha\": \"2024-01-15\", \"id\": \"1756172591721\", \"monto\": 0, \"timestamp\": 1756172591721}, {\"categoria_id\": 1, \"descripcion\": \"Gasto 1\", \"fecha\": \"2024-01-15\", \"id\": \"1756172591721\", \"monto\": 10, \"timestamp\": 1756172591721}, {\"categoria_id\": 1, \"descripcion\": \"Gasto 2\", \"fecha\": \"2024-01-15\", \"id\": \"1756172591721\", \"monto\": 20, \"timestamp\": 1756172591721}, {\"categoria_id\": 1, \"descripcion\": \"Gasto 3\", \"fecha\": \"2024-01-15\", \"id\": \"1756172591721\", \"monto\": 30, \"timestamp\": 1756172591721}, {\"categoria_id\": 1, \"descripcion\": \"Gasto 4\", \"fecha\": \"2024-01-15\", \"id\": \"1756172591722\", \"monto\": 40, \"timestamp\": 1756172591722}, {\"categoria_id\": 1, \"descripcion\": \"Gasto 5\", \"fecha\": \"2024-01-15\", \"id\": \"1756172591722\", \"monto\": 50, \"timestamp\": 1756172591722}, {\"categoria_id\": 1, \"descripcion\": \"Gasto 6\", \"fecha\": \"2024-01-15\", \"id\": \"1756172591722\", \"monto\": 60, \"timestamp\": 1756172591722}, {\"categoria_id\": 1, \"descripcion\": \"Gasto 7\", \"fecha\": \"2024-01-15\", \"id\": \"1756172591722\", \"monto\": 70, \"timestamp\": 1756172591722}, {\"categoria_id\": 1, \"descripcion\": \"Gasto 8\", \"fecha\": \"2024-01-15\", \"id\": \"1756172591722\", \"monto\": 80, \"timestamp\": 1756172591722}, {\"categoria_id\": 1, \"descripcion\": \"Gasto 9\", \"fecha\": \"2024-01-15\", \"id\": \"1756172591722\", \"monto\": 90, \"timestamp\": 1756172591722}, …]\u001b[39m","pass":false}}],"failureMessages":["Error: \u001b[2mexpect(\u001b[22m\u001b[31mreceived\u001b[39m\u001b[2m).\u001b[22mtoHaveLength\u001b[2m(\u001b[22m\u001b[32mexpected\u001b[39m\u001b[2m)\u001b[22m\n\nExpected length: \u001b[32m25\u001b[39m\nReceived length: \u001b[31m50\u001b[39m\nReceived array:  \u001b[31m[{\"categoria_id\": 1, \"descripcion\": \"Gasto 0\", \"fecha\": \"2024-01-15\", \"id\": \"1756172591721\", \"monto\": 0, \"timestamp\": 1756172591721}, {\"categoria_id\": 1, \"descripcion\": \"Gasto 1\", \"fecha\": \"2024-01-15\", \"id\": \"1756172591721\", \"monto\": 10, \"timestamp\": 1756172591721}, {\"categoria_id\": 1, \"descripcion\": \"Gasto 2\", \"fecha\": \"2024-01-15\", \"id\": \"1756172591721\", \"monto\": 20, \"timestamp\": 1756172591721}, {\"categoria_id\": 1, \"descripcion\": \"Gasto 3\", \"fecha\": \"2024-01-15\", \"id\": \"1756172591721\", \"monto\": 30, \"timestamp\": 1756172591721}, {\"categoria_id\": 1, \"descripcion\": \"Gasto 4\", \"fecha\": \"2024-01-15\", \"id\": \"1756172591722\", \"monto\": 40, \"timestamp\": 1756172591722}, {\"categoria_id\": 1, \"descripcion\": \"Gasto 5\", \"fecha\": \"2024-01-15\", \"id\": \"1756172591722\", \"monto\": 50, \"timestamp\": 1756172591722}, {\"categoria_id\": 1, \"descripcion\": \"Gasto 6\", \"fecha\": \"2024-01-15\", \"id\": \"1756172591722\", \"monto\": 60, \"timestamp\": 1756172591722}, {\"categoria_id\": 1, \"descripcion\": \"Gasto 7\", \"fecha\": \"2024-01-15\", \"id\": \"1756172591722\", \"monto\": 70, \"timestamp\": 1756172591722}, {\"categoria_id\": 1, \"descripcion\": \"Gasto 8\", \"fecha\": \"2024-01-15\", \"id\": \"1756172591722\", \"monto\": 80, \"timestamp\": 1756172591722}, {\"categoria_id\": 1, \"descripcion\": \"Gasto 9\", \"fecha\": \"2024-01-15\", \"id\": \"1756172591722\", \"monto\": 90, \"timestamp\": 1756172591722}, …]\u001b[39m\n    at Object.toHaveLength (/home/pepito/codes/trackmymoney/pruebas_escenarios/CP001-CP004-OfflineStorage.test.ts:252:33)\n    at Promise.then.completed (/home/pepito/codes/trackmymoney/node_modules/jest-circus/build/utils.js:298:28)\n    at new Promise (<anonymous>)\n    at callAsyncCircusFn (/home/pepito/codes/trackmymoney/node_modules/jest-circus/build/utils.js:231:10)\n    at _callCircusTest (/home/pepito/codes/trackmymoney/node_modules/jest-circus/build/run.js:316:40)\n    at processTicksAndRejections (node:internal/process/task_queues:105:5)\n    at _runTest (/home/pepito/codes/trackmymoney/node_modules/jest-circus/build/run.js:252:3)\n    at _runTestsForDescribeBlock (/home/pepito/codes/trackmymoney/node_modules/jest-circus/build/run.js:126:9)\n    at _runTestsForDescribeBlock (/home/pepito/codes/trackmymoney/node_modules/jest-circus/build/run.js:121:9)\n    at _runTestsForDescribeBlock (/home/pepito/codes/trackmymoney/node_modules/jest-circus/build/run.js:121:9)\n    at run (/home/pepito/codes/trackmymoney/node_modules/jest-circus/build/run.js:71:3)\n    at runAndTransformResultsToJestFormat (/home/pepito/codes/trackmymoney/node_modules/jest-circus/build/legacy-code-todo-rewrite/jestAdapterInit.js:122:21)\n    at jestAdapter (/home/pepito/codes/trackmymoney/node_modules/jest-circus/build/legacy-code-todo-rewrite/jestAdapter.js:79:19)\n    at runTestInternal (/home/pepito/codes/trackmymoney/node_modules/jest-runner/build/runTest.js:367:16)\n    at runTest (/home/pepito/codes/trackmymoney/node_modules/jest-runner/build/runTest.js:444:34)"],"fullName":"Escenarios de Almacenamiento Offline - Gastos CP003 – GetOfflineGastos debe responder en tiempo aceptable","invocations":1,"location":null,"numPassingAsserts":0,"retryReasons":[],"status":"failed","title":"debe responder en tiempo aceptable"},{"ancestorTitles":["Escenarios de Almacenamiento Offline - Gastos","CP004 – RemoveOfflineGasto"],"duration":1,"failureDetails":[{"matcherResult":{"message":"\u001b[2mexpect(\u001b[22m\u001b[31mreceived\u001b[39m\u001b[2m).\u001b[22mtoHaveLength\u001b[2m(\u001b[22m\u001b[32mexpected\u001b[39m\u001b[2m)\u001b[22m\n\nExpected length: \u001b[32m1\u001b[39m\nReceived length: \u001b[31m0\u001b[39m\nReceived array:  \u001b[31m[]\u001b[39m","pass":false}}],"failureMessages":["Error: \u001b[2mexpect(\u001b[22m\u001b[31mreceived\u001b[39m\u001b[2m).\u001b[22mtoHaveLength\u001b[2m(\u001b[22m\u001b[32mexpected\u001b[39m\u001b[2m)\u001b[22m\n\nExpected length: \u001b[32m1\u001b[39m\nReceived length: \u001b[31m0\u001b[39m\nReceived array:  \u001b[31m[]\u001b[39m\n    at Object.toHaveLength (/home/pepito/codes/trackmymoney/pruebas_escenarios/CP001-CP004-OfflineStorage.test.ts:279:31)\n    at Promise.then.completed (/home/pepito/codes/trackmymoney/node_modules/jest-circus/build/utils.js:298:28)\n    at new Promise (<anonymous>)\n    at callAsyncCircusFn (/home/pepito/codes/trackmymoney/node_modules/jest-circus/build/utils.js:231:10)\n    at _callCircusTest (/home/pepito/codes/trackmymoney/node_modules/jest-circus/build/run.js:316:40)\n    at processTicksAndRejections (node:internal/process/task_queues:105:5)\n    at _runTest (/home/pepito/codes/trackmymoney/node_modules/jest-circus/build/run.js:252:3)\n    at _runTestsForDescribeBlock (/home/pepito/codes/trackmymoney/node_modules/jest-circus/build/run.js:126:9)\n    at _runTestsForDescribeBlock (/home/pepito/codes/trackmymoney/node_modules/jest-circus/build/run.js:121:9)\n    at _runTestsForDescribeBlock (/home/pepito/codes/trackmymoney/node_modules/jest-circus/build/run.js:121:9)\n    at run (/home/pepito/codes/trackmymoney/node_modules/jest-circus/build/run.js:71:3)\n    at runAndTransformResultsToJestFormat (/home/pepito/codes/trackmymoney/node_modules/jest-circus/build/legacy-code-todo-rewrite/jestAdapterInit.js:122:21)\n    at jestAdapter (/home/pepito/codes/trackmymoney/node_modules/jest-circus/build/legacy-code-todo-rewrite/jestAdapter.js:79:19)\n    at runTestInternal (/home/pepito/codes/trackmymoney/node_modules/jest-runner/build/runTest.js:367:16)\n    at runTest (/home/pepito/codes/trackmymoney/node_modules/jest-runner/build/runTest.js:444:34)"],"fullName":"Escenarios de Almacenamiento Offline - Gastos CP004 – RemoveOfflineGasto debe eliminar gasto específico del almacenamiento local","invocations":1,"location":null,"numPassingAsserts":0,"retryReasons":[],"status":"failed","title":"debe eliminar gasto específico del almacenamiento local"},{"ancestorTitles":["Escenarios de Almacenamiento Offline - Gastos","CP004 – RemoveOfflineGasto"],"duration":2,"failureDetails":[{"matcherResult":{"message":"\u001b[2mexpect(\u001b[22m\u001b[31mreceived\u001b[39m\u001b[2m).\u001b[22mtoHaveLength\u001b[2m(\u001b[22m\u001b[32mexpected\u001b[39m\u001b[2m)\u001b[22m\n\nExpected length: \u001b[32m2\u001b[39m\nReceived length: \u001b[31m0\u001b[39m\nReceived array:  \u001b[31m[]\u001b[39m","pass":false}}],"failureMessages":["Error: \u001b[2mexpect(\u001b[22m\u001b[31mreceived\u001b[39m\u001b[2m).\u001b[22mtoHaveLength\u001b[2m(\u001b[22m\u001b[32mexpected\u001b[39m\u001b[2m)\u001b[22m\n\nExpected length: \u001b[32m2\u001b[39m\nReceived length: \u001b[31m0\u001b[39m\nReceived array:  \u001b[31m[]\u001b[39m\n    at Object.toHaveLength (/home/pepito/codes/trackmymoney/pruebas_escenarios/CP001-CP004-OfflineStorage.test.ts:298:34)\n    at Promise.then.completed (/home/pepito/codes/trackmymoney/node_modules/jest-circus/build/utils.js:298:28)\n    at new Promise (<anonymous>)\n    at callAsyncCircusFn (/home/pepito/codes/trackmymoney/node_modules/jest-circus/build/utils.js:231:10)\n    at _callCircusTest (/home/pepito/codes/trackmymoney/node_modules/jest-circus/build/run.js:316:40)\n    at processTicksAndRejections (node:internal/process/task_queues:105:5)\n    at _runTest (/home/pepito/codes/trackmymoney/node_modules/jest-circus/build/run.js:252:3)\n    at _runTestsForDescribeBlock (/home/pepito/codes/trackmymoney/node_modules/jest-circus/build/run.js:126:9)\n    at _runTestsForDescribeBlock (/home/pepito/codes/trackmymoney/node_modules/jest-circus/build/run.js:121:9)\n    at _runTestsForDescribeBlock (/home/pepito/codes/trackmymoney/node_modules/jest-circus/build/run.js:121:9)\n    at run (/home/pepito/codes/trackmymoney/node_modules/jest-circus/build/run.js:71:3)\n    at runAndTransformResultsToJestFormat (/home/pepito/codes/trackmymoney/node_modules/jest-circus/build/legacy-code-todo-rewrite/jestAdapterInit.js:122:21)\n    at jestAdapter (/home/pepito/codes/trackmymoney/node_modules/jest-circus/build/legacy-code-todo-rewrite/jestAdapter.js:79:19)\n    at runTestInternal (/home/pepito/codes/trackmymoney/node_modules/jest-runner/build/runTest.js:367:16)\n    at runTest (/home/pepito/codes/trackmymoney/node_modules/jest-runner/build/runTest.js:444:34)"],"fullName":"Escenarios de Almacenamiento Offline - Gastos CP004 – RemoveOfflineGasto debe actualizar el listado automáticamente","invocations":1,"location":null,"numPassingAsserts":0,"retryReasons":[],"status":"failed","title":"debe actualizar el listado automáticamente"},{"ancestorTitles":["Escenarios de Almacenamiento Offline - Gastos","CP004 – RemoveOfflineGasto"],"duration":2,"failureDetails":[],"failureMessages":[],"fullName":"Escenarios de Almacenamiento Offline - Gastos CP004 – RemoveOfflineGasto debe manejar ID inexistente","invocations":1,"location":null,"numPassingAsserts":1,"retryReasons":[],"status":"passed","title":"debe manejar ID inexistente"},{"ancestorTitles":["Escenarios de Almacenamiento Offline - Gastos","CP004 – RemoveOfflineGasto"],"duration":1,"failureDetails":[],"failureMessages":[],"fullName":"Escenarios de Almacenamiento Offline - Gastos CP004 – RemoveOfflineGasto debe eliminar de manera permanente","invocations":1,"location":null,"numPassingAsserts":2,"retryReasons":[],"status":"passed","title":"debe eliminar de manera permanente"}],"endTime":1756172591772,"message":"\u001b[1m\u001b[31m  \u001b[1m● \u001b[22m\u001b[1mEscenarios de Almacenamiento Offline - Gastos › CP003 – GetOfflineGastos › debe responder en tiempo aceptable\u001b[39m\u001b[22m\n\n    \u001b[2mexpect(\u001b[22m\u001b[31mreceived\u001b[39m\u001b[2m).\u001b[22mtoHaveLength\u001b[2m(\u001b[22m\u001b[32mexpected\u001b[39m\u001b[2m)\u001b[22m\n\n    Expected length: \u001b[32m25\u001b[39m\n    Received length: \u001b[31m50\u001b[39m\n    Received array:  \u001b[31m[{\"categoria_id\": 1, \"descripcion\": \"Gasto 0\", \"fecha\": \"2024-01-15\", \"id\": \"1756172591721\", \"monto\": 0, \"timestamp\": 1756172591721}, {\"categoria_id\": 1, \"descripcion\": \"Gasto 1\", \"fecha\": \"2024-01-15\", \"id\": \"1756172591721\", \"monto\": 10, \"timestamp\": 1756172591721}, {\"categoria_id\": 1, \"descripcion\": \"Gasto 2\", \"fecha\": \"2024-01-15\", \"id\": \"1756172591721\", \"monto\": 20, \"timestamp\": 1756172591721}, {\"categoria_id\": 1, \"descripcion\": \"Gasto 3\", \"fecha\": \"2024-01-15\", \"id\": \"1756172591721\", \"monto\": 30, \"timestamp\": 1756172591721}, {\"categoria_id\": 1, \"descripcion\": \"Gasto 4\", \"fecha\": \"2024-01-15\", \"id\": \"1756172591722\", \"monto\": 40, \"timestamp\": 1756172591722}, {\"categoria_id\": 1, \"descripcion\": \"Gasto 5\", \"fecha\": \"2024-01-15\", \"id\": \"1756172591722\", \"monto\": 50, \"timestamp\": 1756172591722}, {\"categoria_id\": 1, \"descripcion\": \"Gasto 6\", \"fecha\": \"2024-01-15\", \"id\": \"1756172591722\", \"monto\": 60, \"timestamp\": 1756172591722}, {\"categoria_id\": 1, \"descripcion\": \"Gasto 7\", \"fecha\": \"2024-01-15\", \"id\": \"1756172591722\", \"monto\": 70, \"timestamp\": 1756172591722}, {\"categoria_id\": 1, \"descripcion\": \"Gasto 8\", \"fecha\": \"2024-01-15\", \"id\": \"1756172591722\", \"monto\": 80, \"timestamp\": 1756172591722}, {\"categoria_id\": 1, \"descripcion\": \"Gasto 9\", \"fecha\": \"2024-01-15\", \"id\": \"1756172591722\", \"monto\": 90, \"timestamp\": 1756172591722}, …]\u001b[39m\n\u001b[2m\u001b[22m\n\u001b[2m    \u001b[0m \u001b[90m 250 |\u001b[39m\u001b[22m\n\u001b[2m     \u001b[90m 251 |\u001b[39m       \u001b[90m// Assert\u001b[39m\u001b[22m\n\u001b[2m    \u001b[31m\u001b[1m>\u001b[22m\u001b[2m\u001b[39m\u001b[90m 252 |\u001b[39m       expect(gastosRecuperados)\u001b[33m.\u001b[39mtoHaveLength(\u001b[35m25\u001b[39m)\u001b[33m;\u001b[39m\u001b[22m\n\u001b[2m     \u001b[90m     |\u001b[39m                                 \u001b[31m\u001b[1m^\u001b[22m\u001b[2m\u001b[39m\u001b[22m\n\u001b[2m     \u001b[90m 253 |\u001b[39m       expect(endTime \u001b[33m-\u001b[39m startTime)\u001b[33m.\u001b[39mtoBeLessThan(\u001b[35m100\u001b[39m)\u001b[33m;\u001b[39m\u001b[22m\n\u001b[2m     \u001b[90m 254 |\u001b[39m     })\u001b[33m;\u001b[39m\u001b[22m\n\u001b[2m     \u001b[90m 255 |\u001b[39m   })\u001b[33m;\u001b[39m\u001b[0m\u001b[22m\n\u001b[2m\u001b[22m\n\u001b[2m      \u001b[2mat Object.toHaveLength (\u001b[22m\u001b[2m\u001b[0m\u001b[36mpruebas_escenarios/CP001-CP004-OfflineStorage.test.ts\u001b[39m\u001b[0m\u001b[2m:252:33)\u001b[22m\u001b[2m\u001b[22m\n\n\u001b[1m\u001b[31m  \u001b[1m● \u001b[22m\u001b[1mEscenarios de Almacenamiento Offline - Gastos › CP004 – RemoveOfflineGasto › debe eliminar gasto específico del almacenamiento local\u001b[39m\u001b[22m\n\n    \u001b[2mexpect(\u001b[22m\u001b[31mreceived\u001b[39m\u001b[2m).\u001b[22mtoHaveLength\u001b[2m(\u001b[22m\u001b[32mexpected\u001b[39m\u001b[2m)\u001b[22m\n\n    Expected length: \u001b[32m1\u001b[39m\n    Received length: \u001b[31m0\u001b[39m\n    Received array:  \u001b[31m[]\u001b[39m\n\u001b[2m\u001b[22m\n\u001b[2m    \u001b[0m \u001b[90m 277 |\u001b[39m       \u001b[90m// Assert\u001b[39m\u001b[22m\n\u001b[2m     \u001b[90m 278 |\u001b[39m       \u001b[36mconst\u001b[39m gastosRestantes \u001b[33m=\u001b[39m getOfflineGastos()\u001b[33m;\u001b[39m\u001b[22m\n\u001b[2m    \u001b[31m\u001b[1m>\u001b[22m\u001b[2m\u001b[39m\u001b[90m 279 |\u001b[39m       expect(gastosRestantes)\u001b[33m.\u001b[39mtoHaveLength(\u001b[35m1\u001b[39m)\u001b[33m;\u001b[39m\u001b[22m\n\u001b[2m     \u001b[90m     |\u001b[39m                               \u001b[31m\u001b[1m^\u001b[22m\u001b[2m\u001b[39m\u001b[22m\n\u001b[2m     \u001b[90m 280 |\u001b[39m       expect(gastosRestantes[\u001b[35m0\u001b[39m]\u001b[33m.\u001b[39mid)\u001b[33m.\u001b[39mtoBe(gasto1\u001b[33m.\u001b[39mid)\u001b[33m;\u001b[39m\u001b[22m\n\u001b[2m     \u001b[90m 281 |\u001b[39m     })\u001b[33m;\u001b[39m\u001b[22m\n\u001b[2m     \u001b[90m 282 |\u001b[39m\u001b[0m\u001b[22m\n\u001b[2m\u001b[22m\n\u001b[2m      \u001b[2mat Object.toHaveLength (\u001b[22m\u001b[2m\u001b[0m\u001b[36mpruebas_escenarios/CP001-CP004-OfflineStorage.test.ts\u001b[39m\u001b[0m\u001b[2m:279:31)\u001b[22m\u001b[2m\u001b[22m\n\n\u001b[1m\u001b[31m  \u001b[1m● \u001b[22m\u001b[1mEscenarios de Almacenamiento Offline - Gastos › CP004 – RemoveOfflineGasto › debe actualizar el listado automáticamente\u001b[39m\u001b[22m\n\n    \u001b[2mexpect(\u001b[22m\u001b[31mreceived\u001b[39m\u001b[2m).\u001b[22mtoHaveLength\u001b[2m(\u001b[22m\u001b[32mexpected\u001b[39m\u001b[2m)\u001b[22m\n\n    Expected length: \u001b[32m2\u001b[39m\n    Received length: \u001b[31m0\u001b[39m\n    Received array:  \u001b[31m[]\u001b[39m\n\u001b[2m\u001b[22m\n\u001b[2m    \u001b[0m \u001b[90m 296 |\u001b[39m       \u001b[90m// Assert\u001b[39m\u001b[22m\n\u001b[2m     \u001b[90m 297 |\u001b[39m       \u001b[36mconst\u001b[39m gastosActualizados \u001b[33m=\u001b[39m getOfflineGastos()\u001b[33m;\u001b[39m\u001b[22m\n\u001b[2m    \u001b[31m\u001b[1m>\u001b[22m\u001b[2m\u001b[39m\u001b[90m 298 |\u001b[39m       expect(gastosActualizados)\u001b[33m.\u001b[39mtoHaveLength(\u001b[35m2\u001b[39m)\u001b[33m;\u001b[39m\u001b[22m\n\u001b[2m     \u001b[90m     |\u001b[39m                                  \u001b[31m\u001b[1m^\u001b[22m\u001b[2m\u001b[39m\u001b[22m\n\u001b[2m     \u001b[90m 299 |\u001b[39m       expect(gastosActualizados\u001b[33m.\u001b[39mfind(g \u001b[33m=>\u001b[39m g\u001b[33m.\u001b[39mid \u001b[33m===\u001b[39m gastosGuardados[\u001b[35m1\u001b[39m]\u001b[33m.\u001b[39mid))\u001b[33m.\u001b[39mtoBeUndefined()\u001b[33m;\u001b[39m\u001b[22m\n\u001b[2m     \u001b[90m 300 |\u001b[39m     })\u001b[33m;\u001b[39m\u001b[22m\n\u001b[2m     \u001b[90m 301 |\u001b[39m\u001b[0m\u001b[22m\n\u001b[2m\u001b[22m\n\u001b[2m      \u001b[2mat Object.toHaveLength (\u001b[22m\u001b[2m\u001b[0m\u001b[36mpruebas_escenarios/CP001-CP004-OfflineStorage.test.ts\u001b[39m\u001b[0m\u001b[2m:298:34)\u001b[22m\u001b[2m\u001b[22m\n","name":"/home/pepito/codes/trackmymoney/pruebas_escenarios/CP001-CP004-OfflineStorage.test.ts","startTime":1756172591374,"status":"failed","summary":""},{"assertionResults":[{"ancestorTitles":["CP009 – GetCategory"],"duration":11,"failureDetails":[],"failureMessages":[],"fullName":"CP009 – GetCategory debe listar categorías del usuario autenticado","invocations":1,"location":null,"numPassingAsserts":4,"retryReasons":[],"status":"passed","title":"debe listar categorías del usuario autenticado"},{"ancestorTitles":["CP009 – GetCategory"],"duration":1,"failureDetails":[],"failureMessages":[],"fullName":"CP009 – GetCategory debe rechazar usuario no autenticado","invocations":1,"location":null,"numPassingAsserts":4,"retryReasons":[],"status":"passed","title":"debe rechazar usuario no autenticado"},{"ancestorTitles":["CP009 – GetCategory"],"duration":0,"failureDetails":[],"failureMessages":[],"fullName":"CP009 – GetCategory debe ordenar categorías alfabéticamente","invocations":1,"location":null,"numPassingAsserts":3,"retryReasons":[],"status":"passed","title":"debe ordenar categorías alfabéticamente"},{"ancestorTitles":["CP009 – GetCategory"],"duration":1,"failureDetails":[],"failureMessages":[],"fullName":"CP009 – GetCategory debe manejar usuario sin categorías","invocations":1,"location":null,"numPassingAsserts":4,"retryReasons":[],"status":"passed","title":"debe manejar usuario sin categorías"},{"ancestorTitles":["CP010 – CreateCategory"],"duration":2,"failureDetails":[{"matcherResult":{"actual":1,"expected":2,"message":"\u001b[2mexpect(\u001b[22m\u001b[31mreceived\u001b[39m\u001b[2m).\u001b[22mtoBe\u001b[2m(\u001b[22m\u001b[32mexpected\u001b[39m\u001b[2m) // Object.is equality\u001b[22m\n\nExpected: \u001b[32m2\u001b[39m\nReceived: \u001b[31m1\u001b[39m","name":"toBe","pass":false}}],"failureMessages":["Error: \u001b[2mexpect(\u001b[22m\u001b[31mreceived\u001b[39m\u001b[2m).\u001b[22mtoBe\u001b[2m(\u001b[22m\u001b[32mexpected\u001b[39m\u001b[2m) // Object.is equality\u001b[22m\n\nExpected: \u001b[32m2\u001b[39m\nReceived: \u001b[31m1\u001b[39m\n    at Object.toBe (/home/pepito/codes/trackmymoney/pruebas_escenarios/CP009-CP010-CategoryManagement.test.ts:278:41)\n    at Promise.then.completed (/home/pepito/codes/trackmymoney/node_modules/jest-circus/build/utils.js:298:28)\n    at new Promise (<anonymous>)\n    at callAsyncCircusFn (/home/pepito/codes/trackmymoney/node_modules/jest-circus/build/utils.js:231:10)\n    at _callCircusTest (/home/pepito/codes/trackmymoney/node_modules/jest-circus/build/run.js:316:40)\n    at _runTest (/home/pepito/codes/trackmymoney/node_modules/jest-circus/build/run.js:252:3)\n    at _runTestsForDescribeBlock (/home/pepito/codes/trackmymoney/node_modules/jest-circus/build/run.js:126:9)\n    at _runTestsForDescribeBlock (/home/pepito/codes/trackmymoney/node_modules/jest-circus/build/run.js:121:9)\n    at run (/home/pepito/codes/trackmymoney/node_modules/jest-circus/build/run.js:71:3)\n    at runAndTransformResultsToJestFormat (/home/pepito/codes/trackmymoney/node_modules/jest-circus/build/legacy-code-todo-rewrite/jestAdapterInit.js:122:21)\n    at jestAdapter (/home/pepito/codes/trackmymoney/node_modules/jest-circus/build/legacy-code-todo-rewrite/jestAdapter.js:79:19)\n    at runTestInternal (/home/pepito/codes/trackmymoney/node_modules/jest-runner/build/runTest.js:367:16)\n    at runTest (/home/pepito/codes/trackmymoney/node_modules/jest-runner/build/runTest.js:444:34)"],"fullName":"CP010 – CreateCategory debe crear categoría con nombre válido","invocations":1,"location":null,"numPassingAsserts":3,"retryReasons":[],"status":"failed","title":"debe crear categoría con nombre válido"},{"ancestorTitles":["CP010 – CreateCategory"],"duration":1,"failureDetails":[],"failureMessages":[],"fullName":"CP010 – CreateCategory debe rechazar nombre vacío","invocations":1,"location":null,"numPassingAsserts":2,"retryReasons":[],"status":"passed","title":"debe rechazar nombre vacío"},{"ancestorTitles":["CP010 – CreateCategory"],"duration":0,"failureDetails":[],"failureMessages":[],"fullName":"CP010 – CreateCategory debe rechazar nombre duplicado","invocations":1,"location":null,"numPassingAsserts":2,"retryReasons":[],"status":"passed","title":"debe rechazar nombre duplicado"},{"ancestorTitles":["CP010 – CreateCategory"],"duration":0,"failureDetails":[],"failureMessages":[],"fullName":"CP010 – CreateCategory debe validar longitud máxima del nombre","invocations":1,"location":null,"numPassingAsserts":2,"retryReasons":[],"status":"passed","title":"debe validar longitud máxima del nombre"}],"endTime":1756172591956,"message":"\u001b[1m\u001b[31m  \u001b[1m● \u001b[22m\u001b[1mCP010 – CreateCategory › debe crear categoría con nombre válido\u001b[39m\u001b[22m\n\n    \u001b[2mexpect(\u001b[22m\u001b[31mreceived\u001b[39m\u001b[2m).\u001b[22mtoBe\u001b[2m(\u001b[22m\u001b[32mexpected\u001b[39m\u001b[2m) // Object.is equality\u001b[22m\n\n    Expected: \u001b[32m2\u001b[39m\n    Received: \u001b[31m1\u001b[39m\n\u001b[2m\u001b[22m\n\u001b[2m    \u001b[0m \u001b[90m 276 |\u001b[39m     expect(result\u001b[33m.\u001b[39mcategory)\u001b[33m.\u001b[39mtoBeDefined()\u001b[33m;\u001b[39m\u001b[22m\n\u001b[2m     \u001b[90m 277 |\u001b[39m     expect(result\u001b[33m.\u001b[39mcategory\u001b[33m?\u001b[39m\u001b[33m.\u001b[39mnombre)\u001b[33m.\u001b[39mtoBe(\u001b[32m'Nueva Categoría'\u001b[39m)\u001b[33m;\u001b[39m\u001b[22m\n\u001b[2m    \u001b[31m\u001b[1m>\u001b[22m\u001b[2m\u001b[39m\u001b[90m 278 |\u001b[39m     expect(result\u001b[33m.\u001b[39mcategory\u001b[33m?\u001b[39m\u001b[33m.\u001b[39musuario_id)\u001b[33m.\u001b[39mtoBe(\u001b[35m2\u001b[39m)\u001b[33m;\u001b[39m\u001b[22m\n\u001b[2m     \u001b[90m     |\u001b[39m                                         \u001b[31m\u001b[1m^\u001b[22m\u001b[2m\u001b[39m\u001b[22m\n\u001b[2m     \u001b[90m 279 |\u001b[39m     expect(result\u001b[33m.\u001b[39mmessage)\u001b[33m.\u001b[39mtoBe(\u001b[32m'Categoría creada exitosamente'\u001b[39m)\u001b[33m;\u001b[39m\u001b[22m\n\u001b[2m     \u001b[90m 280 |\u001b[39m   })\u001b[33m;\u001b[39m\u001b[22m\n\u001b[2m     \u001b[90m 281 |\u001b[39m\u001b[0m\u001b[22m\n\u001b[2m\u001b[22m\n\u001b[2m      \u001b[2mat Object.toBe (\u001b[22m\u001b[2m\u001b[0m\u001b[36mpruebas_escenarios/CP009-CP010-CategoryManagement.test.ts\u001b[39m\u001b[0m\u001b[2m:278:41)\u001b[22m\u001b[2m\u001b[22m\n","name":"/home/pepito/codes/trackmymoney/pruebas_escenarios/CP009-CP010-CategoryManagement.test.ts","startTime":1756172591801,"status":"failed","summary":""},{"assertionResults":[{"ancestorTitles":["CP006 – DeleteUser"],"duration":5,"failureDetails":[],"failureMessages":[],"fullName":"CP006 – DeleteUser debe requerir confirmación antes de eliminar","invocations":1,"location":null,"numPassingAsserts":1,"retryReasons":[],"status":"passed","title":"debe requerir confirmación antes de eliminar"},{"ancestorTitles":["CP006 – DeleteUser"],"duration":0,"failureDetails":[],"failureMessages":[],"fullName":"CP006 – DeleteUser debe proceder con eliminación cuando se confirma","invocations":1,"location":null,"numPassingAsserts":2,"retryReasons":[],"status":"passed","title":"debe proceder con eliminación cuando se confirma"},{"ancestorTitles":["CP006 – DeleteUser"],"duration":1,"failureDetails":[],"failureMessages":[],"fullName":"CP006 – DeleteUser debe eliminar todas las transacciones del usuario","invocations":1,"location":null,"numPassingAsserts":2,"retryReasons":[],"status":"passed","title":"debe eliminar todas las transacciones del usuario"},{"ancestorTitles":["CP006 – DeleteUser"],"duration":0,"failureDetails":[],"failureMessages":[],"fullName":"CP006 – DeleteUser debe mostrar error si el usuario no existe","invocations":1,"location":null,"numPassingAsserts":2,"retryReasons":[],"status":"passed","title":"debe mostrar error si el usuario no existe"},{"ancestorTitles":["CP007 – GetUserTransaction"],"duration":0,"failureDetails":[],"failureMessages":[],"fullName":"CP007 – GetUserTransaction debe devolver transacciones del usuario autenticado","invocations":1,"location":null,"numPassingAsserts":3,"retryReasons":[],"status":"passed","title":"debe devolver transacciones del usuario autenticado"},{"ancestorTitles":["CP007 – GetUserTransaction"],"duration":0,"failureDetails":[],"failureMessages":[],"fullName":"CP007 – GetUserTransaction debe rechazar usuario no autenticado","invocations":1,"location":null,"numPassingAsserts":3,"retryReasons":[],"status":"passed","title":"debe rechazar usuario no autenticado"},{"ancestorTitles":["CP007 – GetUserTransaction"],"duration":1,"failureDetails":[],"failureMessages":[],"fullName":"CP007 – GetUserTransaction debe ordenar transacciones por fecha descendente","invocations":1,"location":null,"numPassingAsserts":3,"retryReasons":[],"status":"passed","title":"debe ordenar transacciones por fecha descendente"},{"ancestorTitles":["CP007 – GetUserTransaction"],"duration":0,"failureDetails":[],"failureMessages":[],"fullName":"CP007 – GetUserTransaction debe mostrar mensaje cuando no hay transacciones","invocations":1,"location":null,"numPassingAsserts":3,"retryReasons":[],"status":"passed","title":"debe mostrar mensaje cuando no hay transacciones"}],"endTime":1756172592072,"message":"","name":"/home/pepito/codes/trackmymoney/pruebas_escenarios/CP006-CP007-UserManagement.test.ts","startTime":1756172591980,"status":"passed","summary":""},{"assertionResults":[{"ancestorTitles":["CP005 – SearchTransactions"],"duration":2,"failureDetails":[],"failureMessages":[],"fullName":"CP005 – SearchTransactions debe filtrar transacciones por categoría","invocations":1,"location":null,"numPassingAsserts":3,"retryReasons":[],"status":"passed","title":"debe filtrar transacciones por categoría"},{"ancestorTitles":["CP005 – SearchTransactions"],"duration":1,"failureDetails":[],"failureMessages":[],"fullName":"CP005 – SearchTransactions debe filtrar transacciones por rango de fechas","invocations":1,"location":null,"numPassingAsserts":2,"retryReasons":[],"status":"passed","title":"debe filtrar transacciones por rango de fechas"},{"ancestorTitles":["CP005 – SearchTransactions"],"duration":1,"failureDetails":[],"failureMessages":[],"fullName":"CP005 – SearchTransactions debe filtrar transacciones por descripción","invocations":1,"location":null,"numPassingAsserts":2,"retryReasons":[],"status":"passed","title":"debe filtrar transacciones por descripción"},{"ancestorTitles":["CP005 – SearchTransactions"],"duration":1,"failureDetails":[],"failureMessages":[],"fullName":"CP005 – SearchTransactions debe manejar búsqueda sin resultados","invocations":1,"location":null,"numPassingAsserts":3,"retryReasons":[],"status":"passed","title":"debe manejar búsqueda sin resultados"}],"endTime":1756172592180,"message":"","name":"/home/pepito/codes/trackmymoney/pruebas_escenarios/CP005-SearchTransactions.test.ts","startTime":1756172592084,"status":"passed","summary":""},{"assertionResults":[{"ancestorTitles":["CP008 – UserAuth"],"duration":1,"failureDetails":[],"failureMessages":[],"fullName":"CP008 – UserAuth debe autenticar usuario con credenciales correctas","invocations":1,"location":null,"numPassingAsserts":5,"retryReasons":[],"status":"passed","title":"debe autenticar usuario con credenciales correctas"},{"ancestorTitles":["CP008 – UserAuth"],"duration":1,"failureDetails":[],"failureMessages":[],"fullName":"CP008 – UserAuth debe rechazar credenciales incorrectas","invocations":1,"location":null,"numPassingAsserts":4,"retryReasons":[],"status":"passed","title":"debe rechazar credenciales incorrectas"},{"ancestorTitles":["CP008 – UserAuth"],"duration":1,"failureDetails":[],"failureMessages":[],"fullName":"CP008 – UserAuth debe implementar CAPTCHA después de múltiples intentos fallidos","invocations":1,"location":null,"numPassingAsserts":3,"retryReasons":[],"status":"passed","title":"debe implementar CAPTCHA después de múltiples intentos fallidos"},{"ancestorTitles":["CP008 – UserAuth"],"duration":1,"failureDetails":[],"failureMessages":[],"fullName":"CP008 – UserAuth debe rechazar usuarios con email no verificado","invocations":1,"location":null,"numPassingAsserts":3,"retryReasons":[],"status":"passed","title":"debe rechazar usuarios con email no verificado"}],"endTime":1756172592287,"message":"","name":"/home/pepito/codes/trackmymoney/pruebas_escenarios/CP008-UserAuth.test.ts","startTime":1756172592193,"status":"passed","summary":""}],"wasInterrupted":false}
